# decisions.log — GENESIS System
# Purpose: High-level architectural and policy decisions. Records approved structural direction changes, routing logic, and system-level choices.
# Format: [YYYY-MM-DDTHH:MM:SSZ] | SOURCE: | ACTION: | TARGET: | STATUS: | DETAIL:
# Path Authority: /preview/ is the only authorized staging web root. /public/ is FORBIDDEN.

2026-04-08T07:15:18Z | SOURCE: GENESIS-ORCHESTRATOR | ACTION: Logging backbone declared active | TARGET: logs/ | STATUS: SUCCESS | DETAIL: Four-file logging system (updates.log, failures.log, decisions.log, bridge-sync.log) initialized per LOGGING-STANDARDS.md v1.0. Approved by: human
2026-04-08T07:15:19Z | SOURCE: GENESIS-ORCHESTRATOR | ACTION: Canonical preview path locked | TARGET: all agent path references | STATUS: SUCCESS | DETAIL: Path /preview/ (root) is the only valid preview directory; /public/preview/ does not exist and must not be referenced. Approved by: human
2026-04-08T07:15:20Z | SOURCE: GENESIS-ORCHESTRATOR | ACTION: Agent registry centralized | TARGET: core/AGENTS-REGISTRY.md | STATUS: SUCCESS | DETAIL: core/AGENTS-REGISTRY.md declared single source of truth for all agent definitions and path mappings. Approved by: human
2026-04-08T07:23:14Z | SOURCE: GENESIS-ORCHESTRATOR | ACTION: Ecological preservation protocol applied | TARGET: agents/Agents/, agents/agents/, agents/course-creator/ | STATUS: SUCCESS | DETAIL: Content merged into core/AGENTS-REGISTRY.md and core/AGENT-BASE.md; source directories preserved in place per amendment; no deletions performed. Approved by: system-rule
2026-04-08T07:23:14Z | SOURCE: GENESIS-ORCHESTRATOR | ACTION: HITL validation gate established | TARGET: all product pipelines | STATUS: REVIEW_REQUIRED | DETAIL: Products must pause at DRAFT status and log REVIEW_REQUIRED before human approves advancement; money-program-reset is first product pending human approval. Approved by: system-rule
2026-04-08T07:23:14Z | SOURCE: GENESIS-ORCHESTRATOR | ACTION: Dashboard router activated | TARGET: index.html | STATUS: SUCCESS | DETAIL: index.html rebuilt as Matrix Aurin Dashboard; all product previews routable from root; store link uses verified base URL only. Approved by: system-rule

2026-04-08T07:42:41Z | SOURCE: GENESIS-ORCHESTRATOR | ACTION: Integrity log created | TARGET: logs/integrity.log | STATUS: SUCCESS | DETAIL: logs/integrity.log initialized as ecological preservation tracking file per system alignment task; 15 items flagged for human review; no deletions. Approved by: system-rule
2026-04-08T07:42:41Z | SOURCE: GENESIS-ORCHESTRATOR | ACTION: System readiness assessment logged | TARGET: GENESIS repository | STATUS: REVIEW_REQUIRED | DETAIL: System Readiness Score assessed at 92% (see DETAIL in updates.log); blocked items: PDF not generated for money-program-reset, 15 items pending human deprecation review. Awaiting human approval to advance bridge. Approved by: system-rule
2026-04-08T18:54:29Z | SOURCE: GENESIS-ORCHESTRATOR | ACTION: Final audit — log check | TARGET: logs/bridge-sync.log, logs/decisions.log | STATUS: SUCCESS | DETAIL: Both log files verified initialized and actively capturing data per LOGGING-STANDARDS.md format. Approved by: system-rule
2026-04-08T18:54:29Z | SOURCE: GENESIS-ORCHESTRATOR | ACTION: Final audit — path validation | TARGET: index.html, preview/* | STATUS: SUCCESS | DETAIL: All HTML files verified to use /preview/ root paths. No /public/preview/ references found. Path canonical standard confirmed. Approved by: system-rule
2026-04-08T18:54:29Z | SOURCE: GENESIS-ORCHESTRATOR | ACTION: Final audit — agent alignment confirmed | TARGET: core/AGENTS-REGISTRY.md | STATUS: SUCCESS | DETAIL: core/AGENTS-REGISTRY.md v1.1 confirmed as single source of truth for all agent roles and canonical paths. Approved by: system-rule
2026-04-08T18:54:29Z | SOURCE: GENESIS-ORCHESTRATOR | ACTION: Production test — test entry created | TARGET: outputs/gumroad/test-launch.json | STATUS: SUCCESS | DETAIL: Dummy micro-product metadata created for pipeline simulation; product_id: test-launch; status: DRAFT. Approved by: system-rule
2026-04-08T18:54:29Z | SOURCE: GENESIS-ORCHESTRATOR | ACTION: Production test — preview shell generated | TARGET: preview/test-launch.html | STATUS: SUCCESS | DETAIL: preview/test-launch.html rendered; correct path used; no 404; pipeline test PASSED. Awaiting human review to confirm and authorize test entry removal. Approved by: system-rule

2026-04-10T08:28:36Z | SOURCE: GENESIS-ORCHESTRATOR | ACTION: SECURE SMART HUB — STAGING PROTOCOL ACTIVATED | TARGET: preview/matrix-financial-protocol-*.html, index.html | STATUS: SUCCESS | DETAIL: Full structural audit of 6-stage Ghost System complete. Chain: Hero(index)→VSL→Offer→Success→Protocol→Continuation. All inter-stage links verified relative. Zero broken links. Zero /public/ path refs. Gumroad links: base URL only. Root index.html updated with STAGING banner and Matrix Financial Protocol card (DRAFT). Publish gate ACTIVE — nothing goes live without explicit "Publish" command. READINESS SCORE: 97%.
2026-04-10T08:28:36Z | SOURCE: GENESIS-ORCHESTRATOR | ACTION: PUBLISH GATE SET | TARGET: /preview/ all files | STATUS: BLOCKED | DETAIL: All 6 stage files remain status DRAFT. Root index shows staging banner. System will not sync to public view without human "Publish" approval in decisions.log. Awaiting: Human issues "Publish" command.
2026-04-10T08:40:14Z | SOURCE: GENESIS-ARCHITECT-1.1 | ACTION: GENESIS v6.1 INITIALIZED | TARGET: core/AGENTS-REGISTRY.md | STATUS: SUCCESS | DETAIL: Full v6.1 agent registry built. 10 Layers, 52 agents (IDs 0.1–10.2) registered with roles and activation status. Registry upgraded from v1.1 to v6.1. Approved by: system-rule
2026-04-10T08:40:14Z | SOURCE: MEMORY-CONTEXT-AGENT-0.6 | ACTION: MEMORY LOG ACTIVATED | TARGET: logs/memory.log | STATUS: SUCCESS | DETAIL: logs/memory.log created and initialized. System origin point saved. Context snapshot recorded. Approved by: system-rule
2026-04-10T08:40:14Z | SOURCE: QUALITY-CONTROL-AGENT-1.4 | ACTION: 6-STAGE CHAIN AUDIT | TARGET: preview/matrix-financial-protocol-*.html | STATUS: SUCCESS | DETAIL: All 6 stages present: Index(Hero), VSL, Offer, Success, Protocol, Continuation. Internal links verified. Brand DNA #050505/#d4af37 confirmed. No /public/ path references. READINESS SCORE: 97%. Approved by: system-rule
2026-04-10T08:40:14Z | SOURCE: PUBLISH-GATE-KEEPER-5.3 | ACTION: STAGING ISOLATION CONFIRMED | TARGET: /preview/ | STATUS: BLOCKED | DETAIL: All files in /preview/ remain DRAFT. Root index.html shows staging status. System will NOT sync to public view without human "Publish" command. House v6.1 is structurally sound. All 10 Layers registered. Monitoring active. Awaiting: Human "Publish" command.
2026-04-10T08:46:58Z | Agent 1.3 | INIT_LOG_SYSTEM_V6.1 | SUCCESS | Authoritative logging system v6.1 initialized; 6 log files active: decisions.log, bridge-sync.log, integrity.log, failures.log, memory.log, updates.log; entry format standardized per LOGGING-STANDARDS.md. Approved by: system-rule
2026-04-10T08:46:58Z | Agent 1.3 | PATH_AUTHORITY_LOCKED | SUCCESS | /preview/ formally adopted as the only authorized staging web root; /public/ is CRITICAL FAILURE if referenced; production web root is / only. Approved by: system-rule
