---
TIME: 2026-04-04 17:38:19 UTC
TASK: Validate autonomous task closure workflow [ID: 001] [PRIORITY: HIGH] [VERSION: 1.4]
STATUS: Completed by GENESIS v1.4
---
TIME: 2026-04-04 17:52:13 UTC
TASK: Initialize and verify logging system (updates.log) [ID: 002] [PRIORITY: HIGH] [VERSION: 1.5]
STATUS: Completed by GENESIS v1.4
---
TIME: 2026-04-04 19:48:17 UTC
TASK: Validate autonomous task closure workflow [ID: 001] [PRIORITY: HIGH] [VERSION: 1.4]
STATUS: Completed by GENESIS v1.4

---
TIME: 2026-04-08 02:23:11 UTC
TASK: Money Program Reset — Full Bridge Execution
STATUS: Money Program Reset created. Files saved to outputs/ and public/preview/
PREVIEW: https://aurinbeyond.github.io/Genesis/public/preview/money-program-reset.html
---
2026-04-08T07:15:18Z | SOURCE: GENESIS-ORCHESTRATOR | ACTION: Correction applied to prior entry | TARGET: logs/updates.log entry 2026-04-08T02:23:11Z | STATUS: REVIEW_REQUIRED | DETAIL: Path public/preview/money-program-reset.html does not exist; correct path is preview/money-program-reset.html.
2026-04-08T07:15:19Z | SOURCE: GENESIS-ORCHESTRATOR | ACTION: Logging backbone synchronized | TARGET: logs/ | STATUS: SUCCESS | DETAIL: All four log files initialized with compliant entries per LOGGING-STANDARDS.md v1.0; path hallucinations corrected.
2026-04-08T07:15:20Z | SOURCE: GENESIS-ORCHESTRATOR | ACTION: File created | TARGET: core/AGENTS-REGISTRY.md | STATUS: SUCCESS | DETAIL: Single source of truth for agent definitions and canonical path mappings written to core/AGENTS-REGISTRY.md.
